
error [Sun Mar 26 2023 15:49:54 GMT+0800 (中国标准时间)]  [Arguments] {
  '0': TypeError: Cannot read properties of undefined (reading 'commonKnowledges')
      at InworldClientManager.GetTypeKnowledge (file:///C:/Users/%E7%8E%8B%E5%A4%A7%E7%88%B7/AppData/Local/Temp/caxa/applications/InworldClient/qfbk0wkuaj/1/Inworld/InworldManager.js:448:51)
      at InworldClientManager.UpdateCommonKnowledge (file:///C:/Users/%E7%8E%8B%E5%A4%A7%E7%88%B7/AppData/Local/Temp/caxa/applications/InworldClient/qfbk0wkuaj/1/Inworld/InworldManager.js:372:40)
      at Object.<anonymous> (file:///C:/Users/%E7%8E%8B%E5%A4%A7%E7%88%B7/AppData/Local/Temp/caxa/applications/InworldClient/qfbk0wkuaj/1/Client.js:100:32)
      at preHandlerCallback (C:\Users\王大爷\AppData\Local\Temp\caxa\applications\InworldClient\qfbk0wkuaj\1\node_modules\fastify\lib\handleRequest.js:128:37)
      at preValidationCallback (C:\Users\王大爷\AppData\Local\Temp\caxa\applications\InworldClient\qfbk0wkuaj\1\node_modules\fastify\lib\handleRequest.js:112:5)
      at handler (C:\Users\王大爷\AppData\Local\Temp\caxa\applications\InworldClient\qfbk0wkuaj\1\node_modules\fastify\lib\handleRequest.js:76:7)
      at C:\Users\王大爷\AppData\Local\Temp\caxa\applications\InworldClient\qfbk0wkuaj\1\node_modules\fastify\lib\contentTypeParser.js:189:9
      at AsyncResource.runInAsyncScope (node:async_hooks:203:9)
      at done (C:\Users\王大爷\AppData\Local\Temp\caxa\applications\InworldClient\qfbk0wkuaj\1\node_modules\fastify\lib\contentTypeParser.js:183:14)
      at Parser.defaultJsonParser [as fn] (C:\Users\王大爷\AppData\Local\Temp\caxa\applications\InworldClient\qfbk0wkuaj\1\node_modules\fastify\lib\contentTypeParser.js:289:5)
}

error [Sun Mar 26 2023 15:50:31 GMT+0800 (中国标准时间)]  [Arguments] {
  '0': Error: 3 INVALID_ARGUMENT: Scene resource name is invalid or its configuration can not be found.
      at callErrorFromStatus (C:\Users\王大爷\AppData\Local\Temp\caxa\applications\InworldClient\qfbk0wkuaj\1\node_modules\@grpc\grpc-js\build\src\call.js:31:19)
      at Object.onReceiveStatus (C:\Users\王大爷\AppData\Local\Temp\caxa\applications\InworldClient\qfbk0wkuaj\1\node_modules\@grpc\grpc-js\build\src\client.js:192:76)
      at Object.onReceiveStatus (C:\Users\王大爷\AppData\Local\Temp\caxa\applications\InworldClient\qfbk0wkuaj\1\node_modules\@grpc\grpc-js\build\src\client-interceptors.js:360:141)
      at Object.onReceiveStatus (C:\Users\王大爷\AppData\Local\Temp\caxa\applications\InworldClient\qfbk0wkuaj\1\node_modules\@grpc\grpc-js\build\src\client-interceptors.js:323:181)
      at C:\Users\王大爷\AppData\Local\Temp\caxa\applications\InworldClient\qfbk0wkuaj\1\node_modules\@grpc\grpc-js\build\src\resolving-call.js:94:78
      at process.processTicksAndRejections (node:internal/process/task_queues:77:11)
  for call at
      at ServiceClientImpl.makeUnaryRequest (C:\Users\王大爷\AppData\Local\Temp\caxa\applications\InworldClient\qfbk0wkuaj\1\node_modules\@grpc\grpc-js\build\src\client.js:160:34)
      at ServiceClientImpl.loadScene (C:\Users\王大爷\AppData\Local\Temp\caxa\applications\InworldClient\qfbk0wkuaj\1\node_modules\@grpc\grpc-js\build\src\make-client.js:105:19)
      at node:internal/util:364:7
      at new Promise (<anonymous>)
      at bound  (node:internal/util:350:12)
      at WorldEngineClientGrpcService.<anonymous> (C:\Users\王大爷\AppData\Local\Temp\caxa\applications\InworldClient\qfbk0wkuaj\1\node_modules\@inworld\nodejs-sdk\build\src\services\gprc\world_engine_client_grpc.service.js:38:82)
      at Generator.next (<anonymous>)
      at C:\Users\王大爷\AppData\Local\Temp\caxa\applications\InworldClient\qfbk0wkuaj\1\node_modules\@inworld\nodejs-sdk\build\src\services\gprc\world_engine_client_grpc.service.js:8:71
      at new Promise (<anonymous>)
      at __awaiter (C:\Users\王大爷\AppData\Local\Temp\caxa\applications\InworldClient\qfbk0wkuaj\1\node_modules\@inworld\nodejs-sdk\build\src\services\gprc\world_engine_client_grpc.service.js:4:12) {
    code: 3,
    details: 'Scene resource name is invalid or its configuration can not be found.',
    metadata: Metadata {
      internalRepr: Map(6) {
        'content-type' => [ 'application/grpc' ],
        'sentry-trace' => [ 'e3567ab54f38ba45a2c4008a5da00144-dbd2c0ba6b5d42a2-0' ],
        'content-length' => [ '0' ],
        'date' => [ 'Sun, 26 Mar 2023 07:50:31 GMT' ],
        'via' => [ '1.1 google' ],
        'alt-svc' => [ 'h3=":443"; ma=2592000,h3-29=":443"; ma=2592000' ]
      },
      options: {}
    },
    progress: 'PROCESSED'
  }
}

error [Sun Mar 26 2023 15:51:06 GMT+0800 (中国标准时间)]  [Arguments] {
  '0': Error: 3 INVALID_ARGUMENT: Scene resource name is invalid or its configuration can not be found.
      at callErrorFromStatus (C:\Users\王大爷\AppData\Local\Temp\caxa\applications\InworldClient\qfbk0wkuaj\1\node_modules\@grpc\grpc-js\build\src\call.js:31:19)
      at Object.onReceiveStatus (C:\Users\王大爷\AppData\Local\Temp\caxa\applications\InworldClient\qfbk0wkuaj\1\node_modules\@grpc\grpc-js\build\src\client.js:192:76)
      at Object.onReceiveStatus (C:\Users\王大爷\AppData\Local\Temp\caxa\applications\InworldClient\qfbk0wkuaj\1\node_modules\@grpc\grpc-js\build\src\client-interceptors.js:360:141)
      at Object.onReceiveStatus (C:\Users\王大爷\AppData\Local\Temp\caxa\applications\InworldClient\qfbk0wkuaj\1\node_modules\@grpc\grpc-js\build\src\client-interceptors.js:323:181)
      at C:\Users\王大爷\AppData\Local\Temp\caxa\applications\InworldClient\qfbk0wkuaj\1\node_modules\@grpc\grpc-js\build\src\resolving-call.js:94:78
      at process.processTicksAndRejections (node:internal/process/task_queues:77:11)
  for call at
      at ServiceClientImpl.makeUnaryRequest (C:\Users\王大爷\AppData\Local\Temp\caxa\applications\InworldClient\qfbk0wkuaj\1\node_modules\@grpc\grpc-js\build\src\client.js:160:34)
      at ServiceClientImpl.loadScene (C:\Users\王大爷\AppData\Local\Temp\caxa\applications\InworldClient\qfbk0wkuaj\1\node_modules\@grpc\grpc-js\build\src\make-client.js:105:19)
      at node:internal/util:364:7
      at new Promise (<anonymous>)
      at bound  (node:internal/util:350:12)
      at WorldEngineClientGrpcService.<anonymous> (C:\Users\王大爷\AppData\Local\Temp\caxa\applications\InworldClient\qfbk0wkuaj\1\node_modules\@inworld\nodejs-sdk\build\src\services\gprc\world_engine_client_grpc.service.js:38:82)
      at Generator.next (<anonymous>)
      at C:\Users\王大爷\AppData\Local\Temp\caxa\applications\InworldClient\qfbk0wkuaj\1\node_modules\@inworld\nodejs-sdk\build\src\services\gprc\world_engine_client_grpc.service.js:8:71
      at new Promise (<anonymous>)
      at __awaiter (C:\Users\王大爷\AppData\Local\Temp\caxa\applications\InworldClient\qfbk0wkuaj\1\node_modules\@inworld\nodejs-sdk\build\src\services\gprc\world_engine_client_grpc.service.js:4:12) {
    code: 3,
    details: 'Scene resource name is invalid or its configuration can not be found.',
    metadata: Metadata {
      internalRepr: Map(6) {
        'content-type' => [ 'application/grpc' ],
        'sentry-trace' => [ 'ebc8a6391b853e6185b5de529a2e5889-18376be3fdf44b49-0' ],
        'content-length' => [ '0' ],
        'date' => [ 'Sun, 26 Mar 2023 07:51:06 GMT' ],
        'via' => [ '1.1 google' ],
        'alt-svc' => [ 'h3=":443"; ma=2592000,h3-29=":443"; ma=2592000' ]
      },
      options: {}
    },
    progress: 'PROCESSED'
  }
}



error [Sun Mar 26 2023 15:56:54 GMT+0800 (中国标准时间)]  [Arguments] {
  '0': TypeError: Cannot read properties of undefined (reading 'commonKnowledges')
      at InworldClientManager.GetTypeKnowledge (file:///C:/Users/%E7%8E%8B%E5%A4%A7%E7%88%B7/AppData/Local/Temp/caxa/applications/InworldClient/qfbk0wkuaj/1/Inworld/InworldManager.js:448:51)
      at InworldClientManager.UpdateCommonKnowledge (file:///C:/Users/%E7%8E%8B%E5%A4%A7%E7%88%B7/AppData/Local/Temp/caxa/applications/InworldClient/qfbk0wkuaj/1/Inworld/InworldManager.js:372:40)
      at Object.<anonymous> (file:///C:/Users/%E7%8E%8B%E5%A4%A7%E7%88%B7/AppData/Local/Temp/caxa/applications/InworldClient/qfbk0wkuaj/1/Client.js:100:32)
      at preHandlerCallback (C:\Users\王大爷\AppData\Local\Temp\caxa\applications\InworldClient\qfbk0wkuaj\1\node_modules\fastify\lib\handleRequest.js:128:37)
      at preValidationCallback (C:\Users\王大爷\AppData\Local\Temp\caxa\applications\InworldClient\qfbk0wkuaj\1\node_modules\fastify\lib\handleRequest.js:112:5)
      at handler (C:\Users\王大爷\AppData\Local\Temp\caxa\applications\InworldClient\qfbk0wkuaj\1\node_modules\fastify\lib\handleRequest.js:76:7)
      at C:\Users\王大爷\AppData\Local\Temp\caxa\applications\InworldClient\qfbk0wkuaj\1\node_modules\fastify\lib\contentTypeParser.js:189:9
      at AsyncResource.runInAsyncScope (node:async_hooks:203:9)
      at done (C:\Users\王大爷\AppData\Local\Temp\caxa\applications\InworldClient\qfbk0wkuaj\1\node_modules\fastify\lib\contentTypeParser.js:183:14)
      at Parser.defaultJsonParser [as fn] (C:\Users\王大爷\AppData\Local\Temp\caxa\applications\InworldClient\qfbk0wkuaj\1\node_modules\fastify\lib\contentTypeParser.js:289:5)
}

error [Sun Mar 26 2023 15:57:25 GMT+0800 (中国标准时间)]  [Arguments] {
  '0': Error: 3 INVALID_ARGUMENT: Scene resource name is invalid or its configuration can not be found.
      at callErrorFromStatus (C:\Users\王大爷\AppData\Local\Temp\caxa\applications\InworldClient\qfbk0wkuaj\1\node_modules\@grpc\grpc-js\build\src\call.js:31:19)
      at Object.onReceiveStatus (C:\Users\王大爷\AppData\Local\Temp\caxa\applications\InworldClient\qfbk0wkuaj\1\node_modules\@grpc\grpc-js\build\src\client.js:192:76)
      at Object.onReceiveStatus (C:\Users\王大爷\AppData\Local\Temp\caxa\applications\InworldClient\qfbk0wkuaj\1\node_modules\@grpc\grpc-js\build\src\client-interceptors.js:360:141)
      at Object.onReceiveStatus (C:\Users\王大爷\AppData\Local\Temp\caxa\applications\InworldClient\qfbk0wkuaj\1\node_modules\@grpc\grpc-js\build\src\client-interceptors.js:323:181)
      at C:\Users\王大爷\AppData\Local\Temp\caxa\applications\InworldClient\qfbk0wkuaj\1\node_modules\@grpc\grpc-js\build\src\resolving-call.js:94:78
      at process.processTicksAndRejections (node:internal/process/task_queues:77:11)
  for call at
      at ServiceClientImpl.makeUnaryRequest (C:\Users\王大爷\AppData\Local\Temp\caxa\applications\InworldClient\qfbk0wkuaj\1\node_modules\@grpc\grpc-js\build\src\client.js:160:34)
      at ServiceClientImpl.loadScene (C:\Users\王大爷\AppData\Local\Temp\caxa\applications\InworldClient\qfbk0wkuaj\1\node_modules\@grpc\grpc-js\build\src\make-client.js:105:19)
      at node:internal/util:364:7
      at new Promise (<anonymous>)
      at bound  (node:internal/util:350:12)
      at WorldEngineClientGrpcService.<anonymous> (C:\Users\王大爷\AppData\Local\Temp\caxa\applications\InworldClient\qfbk0wkuaj\1\node_modules\@inworld\nodejs-sdk\build\src\services\gprc\world_engine_client_grpc.service.js:38:82)
      at Generator.next (<anonymous>)
      at C:\Users\王大爷\AppData\Local\Temp\caxa\applications\InworldClient\qfbk0wkuaj\1\node_modules\@inworld\nodejs-sdk\build\src\services\gprc\world_engine_client_grpc.service.js:8:71
      at new Promise (<anonymous>)
      at __awaiter (C:\Users\王大爷\AppData\Local\Temp\caxa\applications\InworldClient\qfbk0wkuaj\1\node_modules\@inworld\nodejs-sdk\build\src\services\gprc\world_engine_client_grpc.service.js:4:12) {
    code: 3,
    details: 'Scene resource name is invalid or its configuration can not be found.',
    metadata: Metadata {
      internalRepr: Map(6) {
        'content-type' => [ 'application/grpc' ],
        'sentry-trace' => [ 'f652cd0a7159c667a1c65a4ab30cbf1d-65168da0c29e424f-0' ],
        'content-length' => [ '0' ],
        'date' => [ 'Sun, 26 Mar 2023 07:57:25 GMT' ],
        'via' => [ '1.1 google' ],
        'alt-svc' => [ 'h3=":443"; ma=2592000,h3-29=":443"; ma=2592000' ]
      },
      options: {}
    },
    progress: 'PROCESSED'
  }
}
